The target system is: iOS -  - 
The host system is: Darwin - 22.3.0 - arm64
Compiling the C compiler identification source file "CMakeCCompilerId.c" succeeded.
Compiler:  
Build flags: 
Id flags:  

The output was:
0
2023-09-14 22:03:31.285 xcodebuild[39717:6349544] DVTCoreDeviceEnabledState: DVTCoreDeviceEnabledState_Disabled set via user default (DVTEnableCoreDevice=disabled)
Command line invocation:
    /Applications/Xcode.app/Contents/Developer/usr/bin/xcodebuild

User defaults from command line:
    IDEPackageSupportUseBuiltinSCM = YES

Computing target dependency graph and provisioning inputs

Create build description
Build description signature: 68b704f3120dddb2825d1bc668540635
Build description path: /Users/akor/Work/E8/git_repos/libdmtx/AppleBuild/_builds/CMakeFiles/3.24.2/CompilerIdC/./XCBuildData/68b704f3120dddb2825d1bc668540635.xcbuilddata

warning: Building targets in manual order is deprecated - check "Parallelize build for command-line builds" in the project editor, or set DISABLE_MANUAL_TARGET_ORDER_BUILD_WARNING in any of the targets in the current build to suppress this warning
CreateBuildDirectory /Users/akor/Work/E8/git_repos/libdmtx/AppleBuild/_builds/CMakeFiles/3.24.2/CompilerIdC
    cd /Users/akor/Work/E8/git_repos/libdmtx/AppleBuild/_builds/CMakeFiles/3.24.2/CompilerIdC/CompilerIdC.xcodeproj
    builtin-create-build-directory /Users/akor/Work/E8/git_repos/libdmtx/AppleBuild/_builds/CMakeFiles/3.24.2/CompilerIdC

ClangStatCache /Applications/Xcode.app/Contents/Developer/Toolchains/XcodeDefault.xctoolchain/usr/bin/clang-stat-cache /Applications/Xcode.app/Contents/Developer/Platforms/iPhoneOS.platform/Developer/SDKs/iPhoneOS16.4.sdk /var/folders/2v/_d2b_z4x32db1v10kkvhnkq00000gn/C/com.apple.DeveloperTools/14.3-14E222b/Xcode/SDKStatCaches.noindex/iphoneos16.4-20E238-.sdkstatcache
    cd /Users/akor/Work/E8/git_repos/libdmtx/AppleBuild/_builds/CMakeFiles/3.24.2/CompilerIdC/CompilerIdC.xcodeproj
    /Applications/Xcode.app/Contents/Developer/Toolchains/XcodeDefault.xctoolchain/usr/bin/clang-stat-cache /Applications/Xcode.app/Contents/Developer/Platforms/iPhoneOS.platform/Developer/SDKs/iPhoneOS16.4.sdk -o /var/folders/2v/_d2b_z4x32db1v10kkvhnkq00000gn/C/com.apple.DeveloperTools/14.3-14E222b/Xcode/SDKStatCaches.noindex/iphoneos16.4-20E238-.sdkstatcache

CreateBuildDirectory /Users/akor/Work/E8/git_repos/libdmtx/AppleBuild/_builds/CMakeFiles/3.24.2/CompilerIdC/EagerLinkingTBDs/Debug-iphoneos
    cd /Users/akor/Work/E8/git_repos/libdmtx/AppleBuild/_builds/CMakeFiles/3.24.2/CompilerIdC/CompilerIdC.xcodeproj
    builtin-create-build-directory /Users/akor/Work/E8/git_repos/libdmtx/AppleBuild/_builds/CMakeFiles/3.24.2/CompilerIdC/EagerLinkingTBDs/Debug-iphoneos

MkDir /Users/akor/Work/E8/git_repos/libdmtx/AppleBuild/_builds/CMakeFiles/3.24.2/CompilerIdC/CompilerIdC.xctest (in target 'CompilerIdC' from project 'CompilerIdC')
    cd /Users/akor/Work/E8/git_repos/libdmtx/AppleBuild/_builds/CMakeFiles/3.24.2/CompilerIdC
    /bin/mkdir -p /Users/akor/Work/E8/git_repos/libdmtx/AppleBuild/_builds/CMakeFiles/3.24.2/CompilerIdC/CompilerIdC.xctest

WriteAuxiliaryFile /Users/akor/Work/E8/git_repos/libdmtx/AppleBuild/_builds/CMakeFiles/3.24.2/CompilerIdC/CompilerIdC.build/Debug-iphoneos/CompilerIdC.build/all-product-headers.yaml (in target 'CompilerIdC' from project 'CompilerIdC')
    cd /Users/akor/Work/E8/git_repos/libdmtx/AppleBuild/_builds/CMakeFiles/3.24.2/CompilerIdC
    write-file /Users/akor/Work/E8/git_repos/libdmtx/AppleBuild/_builds/CMakeFiles/3.24.2/CompilerIdC/CompilerIdC.build/Debug-iphoneos/CompilerIdC.build/all-product-headers.yaml

WriteAuxiliaryFile /Users/akor/Work/E8/git_repos/libdmtx/AppleBuild/_builds/CMakeFiles/3.24.2/CompilerIdC/CompilerIdC.build/Debug-iphoneos/CompilerIdC.build/CompilerIdC.hmap (in target 'CompilerIdC' from project 'CompilerIdC')
    cd /Users/akor/Work/E8/git_repos/libdmtx/AppleBuild/_builds/CMakeFiles/3.24.2/CompilerIdC
    write-file /Users/akor/Work/E8/git_repos/libdmtx/AppleBuild/_builds/CMakeFiles/3.24.2/CompilerIdC/CompilerIdC.build/Debug-iphoneos/CompilerIdC.build/CompilerIdC.hmap

WriteAuxiliaryFile /Users/akor/Work/E8/git_repos/libdmtx/AppleBuild/_builds/CMakeFiles/3.24.2/CompilerIdC/CompilerIdC.build/Debug-iphoneos/CompilerIdC.build/CompilerIdC-project-headers.hmap (in target 'CompilerIdC' from project 'CompilerIdC')
    cd /Users/akor/Work/E8/git_repos/libdmtx/AppleBuild/_builds/CMakeFiles/3.24.2/CompilerIdC
    write-file /Users/akor/Work/E8/git_repos/libdmtx/AppleBuild/_builds/CMakeFiles/3.24.2/CompilerIdC/CompilerIdC.build/Debug-iphoneos/CompilerIdC.build/CompilerIdC-project-headers.hmap

WriteAuxiliaryFile /Users/akor/Work/E8/git_repos/libdmtx/AppleBuild/_builds/CMakeFiles/3.24.2/CompilerIdC/CompilerIdC.build/Debug-iphoneos/CompilerIdC.build/CompilerIdC-own-target-headers.hmap (in target 'CompilerIdC' from project 'CompilerIdC')
    cd /Users/akor/Work/E8/git_repos/libdmtx/AppleBuild/_builds/CMakeFiles/3.24.2/CompilerIdC
    write-file /Users/akor/Work/E8/git_repos/libdmtx/AppleBuild/_builds/CMakeFiles/3.24.2/CompilerIdC/CompilerIdC.build/Debug-iphoneos/CompilerIdC.build/CompilerIdC-own-target-headers.hmap

WriteAuxiliaryFile /Users/akor/Work/E8/git_repos/libdmtx/AppleBuild/_builds/CMakeFiles/3.24.2/CompilerIdC/CompilerIdC.build/Debug-iphoneos/CompilerIdC.build/CompilerIdC-generated-files.hmap (in target 'CompilerIdC' from project 'CompilerIdC')
    cd /Users/akor/Work/E8/git_repos/libdmtx/AppleBuild/_builds/CMakeFiles/3.24.2/CompilerIdC
    write-file /Users/akor/Work/E8/git_repos/libdmtx/AppleBuild/_builds/CMakeFiles/3.24.2/CompilerIdC/CompilerIdC.build/Debug-iphoneos/CompilerIdC.build/CompilerIdC-generated-files.hmap

WriteAuxiliaryFile /Users/akor/Work/E8/git_repos/libdmtx/AppleBuild/_builds/CMakeFiles/3.24.2/CompilerIdC/CompilerIdC.build/Debug-iphoneos/CompilerIdC.build/CompilerIdC-all-target-headers.hmap (in target 'CompilerIdC' from project 'CompilerIdC')
    cd /Users/akor/Work/E8/git_repos/libdmtx/AppleBuild/_builds/CMakeFiles/3.24.2/CompilerIdC
    write-file /Users/akor/Work/E8/git_repos/libdmtx/AppleBuild/_builds/CMakeFiles/3.24.2/CompilerIdC/CompilerIdC.build/Debug-iphoneos/CompilerIdC.build/CompilerIdC-all-target-headers.hmap

WriteAuxiliaryFile /Users/akor/Work/E8/git_repos/libdmtx/AppleBuild/_builds/CMakeFiles/3.24.2/CompilerIdC/CompilerIdC.build/Debug-iphoneos/CompilerIdC.build/CompilerIdC-all-non-framework-target-headers.hmap (in target 'CompilerIdC' from project 'CompilerIdC')
    cd /Users/akor/Work/E8/git_repos/libdmtx/AppleBuild/_builds/CMakeFiles/3.24.2/CompilerIdC
    write-file /Users/akor/Work/E8/git_repos/libdmtx/AppleBuild/_builds/CMakeFiles/3.24.2/CompilerIdC/CompilerIdC.build/Debug-iphoneos/CompilerIdC.build/CompilerIdC-all-non-framework-target-headers.hmap

WriteAuxiliaryFile /Users/akor/Work/E8/git_repos/libdmtx/AppleBuild/_builds/CMakeFiles/3.24.2/CompilerIdC/CompilerIdC.build/Debug-iphoneos/CompilerIdC.build/Objects-normal/arm64/CompilerIdC.LinkFileList (in target 'CompilerIdC' from project 'CompilerIdC')
    cd /Users/akor/Work/E8/git_repos/libdmtx/AppleBuild/_builds/CMakeFiles/3.24.2/CompilerIdC
    write-file /Users/akor/Work/E8/git_repos/libdmtx/AppleBuild/_builds/CMakeFiles/3.24.2/CompilerIdC/CompilerIdC.build/Debug-iphoneos/CompilerIdC.build/Objects-normal/arm64/CompilerIdC.LinkFileList

WriteAuxiliaryFile /Users/akor/Work/E8/git_repos/libdmtx/AppleBuild/_builds/CMakeFiles/3.24.2/CompilerIdC/CompilerIdC.build/Debug-iphoneos/CompilerIdC.build/empty-CompilerIdC.plist (in target 'CompilerIdC' from project 'CompilerIdC')
    cd /Users/akor/Work/E8/git_repos/libdmtx/AppleBuild/_builds/CMakeFiles/3.24.2/CompilerIdC
    write-file /Users/akor/Work/E8/git_repos/libdmtx/AppleBuild/_builds/CMakeFiles/3.24.2/CompilerIdC/CompilerIdC.build/Debug-iphoneos/CompilerIdC.build/empty-CompilerIdC.plist

ProcessInfoPlistFile /Users/akor/Work/E8/git_repos/libdmtx/AppleBuild/_builds/CMakeFiles/3.24.2/CompilerIdC/CompilerIdC.xctest/Info.plist /Users/akor/Work/E8/git_repos/libdmtx/AppleBuild/_builds/CMakeFiles/3.24.2/CompilerIdC/CompilerIdC.build/Debug-iphoneos/CompilerIdC.build/empty-CompilerIdC.plist (in target 'CompilerIdC' from project 'CompilerIdC')
    cd /Users/akor/Work/E8/git_repos/libdmtx/AppleBuild/_builds/CMakeFiles/3.24.2/CompilerIdC
    builtin-infoPlistUtility /Users/akor/Work/E8/git_repos/libdmtx/AppleBuild/_builds/CMakeFiles/3.24.2/CompilerIdC/CompilerIdC.build/Debug-iphoneos/CompilerIdC.build/empty-CompilerIdC.plist -producttype com.apple.product-type.bundle.unit-test -expandbuildsettings -format binary -platform iphoneos -requiredArchitecture arm64 -o /Users/akor/Work/E8/git_repos/libdmtx/AppleBuild/_builds/CMakeFiles/3.24.2/CompilerIdC/CompilerIdC.xctest/Info.plist

CompileC /Users/akor/Work/E8/git_repos/libdmtx/AppleBuild/_builds/CMakeFiles/3.24.2/CompilerIdC/CompilerIdC.build/Debug-iphoneos/CompilerIdC.build/Objects-normal/arm64/CMakeCCompilerId.o /Users/akor/Work/E8/git_repos/libdmtx/AppleBuild/_builds/CMakeFiles/3.24.2/CompilerIdC/CMakeCCompilerId.c normal arm64 c com.apple.compilers.llvm.clang.1_0.compiler (in target 'CompilerIdC' from project 'CompilerIdC')
    cd /Users/akor/Work/E8/git_repos/libdmtx/AppleBuild/_builds/CMakeFiles/3.24.2/CompilerIdC
    /Applications/Xcode.app/Contents/Developer/Toolchains/XcodeDefault.xctoolchain/usr/bin/clang -x c -ivfsstatcache /var/folders/2v/_d2b_z4x32db1v10kkvhnkq00000gn/C/com.apple.DeveloperTools/14.3-14E222b/Xcode/SDKStatCaches.noindex/iphoneos16.4-20E238-.sdkstatcache -target arm64-apple-ios16.4 -fmessage-length\=0 -fdiagnostics-show-note-include-stack -fmacro-backtrace-limit\=0 -Wno-trigraphs -fpascal-strings -Os -Wno-missing-field-initializers -Wno-missing-prototypes -Wno-return-type -Wno-missing-braces -Wparentheses -Wswitch -Wno-unused-function -Wno-unused-label -Wno-unused-parameter -Wno-unused-variable -Wunused-value -Wno-empty-body -Wno-uninitialized -Wno-unknown-pragmas -Wno-shadow -Wno-four-char-constants -Wno-conversion -Wno-constant-conversion -Wno-int-conversion -Wno-bool-conversion -Wno-enum-conversion -Wno-float-conversion -Wno-non-literal-null-conversion -Wno-objc-literal-conversion -Wshorten-64-to-32 -Wpointer-sign -Wno-newline-eof -Wno-implicit-fallthrough -isysroot /Applications/Xcode.app/Contents/Developer/Platforms/iPhoneOS.platform/Developer/SDKs/iPhoneOS16.4.sdk -fstrict-aliasing -Wdeprecated-declarations -g -Wno-sign-conversion -Wno-infinite-recursion -Wno-comma -Wno-block-capture-autoreleasing -Wno-strict-prototypes -Wno-semicolon-before-method-body -iquote /Users/akor/Work/E8/git_repos/libdmtx/AppleBuild/_builds/CMakeFiles/3.24.2/CompilerIdC/CompilerIdC.build/Debug-iphoneos/CompilerIdC.build/CompilerIdC-generated-files.hmap -I/Users/akor/Work/E8/git_repos/libdmtx/AppleBuild/_builds/CMakeFiles/3.24.2/CompilerIdC/CompilerIdC.build/Debug-iphoneos/CompilerIdC.build/CompilerIdC-own-target-headers.hmap -I/Users/akor/Work/E8/git_repos/libdmtx/AppleBuild/_builds/CMakeFiles/3.24.2/CompilerIdC/CompilerIdC.build/Debug-iphoneos/CompilerIdC.build/CompilerIdC-all-target-headers.hmap -iquote /Users/akor/Work/E8/git_repos/libdmtx/AppleBuild/_builds/CMakeFiles/3.24.2/CompilerIdC/CompilerIdC.build/Debug-iphoneos/CompilerIdC.build/CompilerIdC-project-headers.hmap -I/Users/akor/Work/E8/git_repos/libdmtx/AppleBuild/_builds/CMakeFiles/3.24.2/CompilerIdC/include -I/Users/akor/Work/E8/git_repos/libdmtx/AppleBuild/_builds/CMakeFiles/3.24.2/CompilerIdC/CompilerIdC.build/Debug-iphoneos/CompilerIdC.build/DerivedSources-normal/arm64 -I/Users/akor/Work/E8/git_repos/libdmtx/AppleBuild/_builds/CMakeFiles/3.24.2/CompilerIdC/CompilerIdC.build/Debug-iphoneos/CompilerIdC.build/DerivedSources/arm64 -I/Users/akor/Work/E8/git_repos/libdmtx/AppleBuild/_builds/CMakeFiles/3.24.2/CompilerIdC/CompilerIdC.build/Debug-iphoneos/CompilerIdC.build/DerivedSources -F/Users/akor/Work/E8/git_repos/libdmtx/AppleBuild/_builds/CMakeFiles/3.24.2/CompilerIdC -iframework /Applications/Xcode.app/Contents/Developer/Platforms/iPhoneOS.platform/Developer/Library/Frameworks -iframework /Applications/Xcode.app/Contents/Developer/Platforms/iPhoneOS.platform/Developer/SDKs/iPhoneOS16.4.sdk/Developer/Library/Frameworks -MMD -MT dependencies -MF /Users/akor/Work/E8/git_repos/libdmtx/AppleBuild/_builds/CMakeFiles/3.24.2/CompilerIdC/CompilerIdC.build/Debug-iphoneos/CompilerIdC.build/Objects-normal/arm64/CMakeCCompilerId.d --serialize-diagnostics /Users/akor/Work/E8/git_repos/libdmtx/AppleBuild/_builds/CMakeFiles/3.24.2/CompilerIdC/CompilerIdC.build/Debug-iphoneos/CompilerIdC.build/Objects-normal/arm64/CMakeCCompilerId.dia -c /Users/akor/Work/E8/git_repos/libdmtx/AppleBuild/_builds/CMakeFiles/3.24.2/CompilerIdC/CMakeCCompilerId.c -o /Users/akor/Work/E8/git_repos/libdmtx/AppleBuild/_builds/CMakeFiles/3.24.2/CompilerIdC/CompilerIdC.build/Debug-iphoneos/CompilerIdC.build/Objects-normal/arm64/CMakeCCompilerId.o

Ld /Users/akor/Work/E8/git_repos/libdmtx/AppleBuild/_builds/CMakeFiles/3.24.2/CompilerIdC/CompilerIdC.xctest/CompilerIdC normal (in target 'CompilerIdC' from project 'CompilerIdC')
    cd /Users/akor/Work/E8/git_repos/libdmtx/AppleBuild/_builds/CMakeFiles/3.24.2/CompilerIdC
    /Applications/Xcode.app/Contents/Developer/Toolchains/XcodeDefault.xctoolchain/usr/bin/clang -Xlinker -reproducible -target arm64-apple-ios16.4 -bundle -isysroot /Applications/Xcode.app/Contents/Developer/Platforms/iPhoneOS.platform/Developer/SDKs/iPhoneOS16.4.sdk -L/Users/akor/Work/E8/git_repos/libdmtx/AppleBuild/_builds/CMakeFiles/3.24.2/CompilerIdC/EagerLinkingTBDs/Debug-iphoneos -L/Users/akor/Work/E8/git_repos/libdmtx/AppleBuild/_builds/CMakeFiles/3.24.2/CompilerIdC -L/Applications/Xcode.app/Contents/Developer/Platforms/iPhoneOS.platform/Developer/usr/lib -F/Users/akor/Work/E8/git_repos/libdmtx/AppleBuild/_builds/CMakeFiles/3.24.2/CompilerIdC/EagerLinkingTBDs/Debug-iphoneos -F/Users/akor/Work/E8/git_repos/libdmtx/AppleBuild/_builds/CMakeFiles/3.24.2/CompilerIdC -iframework /Applications/Xcode.app/Contents/Developer/Platforms/iPhoneOS.platform/Developer/Library/Frameworks -iframework /Applications/Xcode.app/Contents/Developer/Platforms/iPhoneOS.platform/Developer/SDKs/iPhoneOS16.4.sdk/Developer/Library/Frameworks -filelist /Users/akor/Work/E8/git_repos/libdmtx/AppleBuild/_builds/CMakeFiles/3.24.2/CompilerIdC/CompilerIdC.build/Debug-iphoneos/CompilerIdC.build/Objects-normal/arm64/CompilerIdC.LinkFileList -Xlinker -rpath -Xlinker @loader_path/Frameworks -dead_strip -Xlinker -object_path_lto -Xlinker /Users/akor/Work/E8/git_repos/libdmtx/AppleBuild/_builds/CMakeFiles/3.24.2/CompilerIdC/CompilerIdC.build/Debug-iphoneos/CompilerIdC.build/Objects-normal/arm64/CompilerIdC_lto.o -framework XCTest -Xlinker -dependency_info -Xlinker /Users/akor/Work/E8/git_repos/libdmtx/AppleBuild/_builds/CMakeFiles/3.24.2/CompilerIdC/CompilerIdC.build/Debug-iphoneos/CompilerIdC.build/Objects-normal/arm64/CompilerIdC_dependency_info.dat -o /Users/akor/Work/E8/git_repos/libdmtx/AppleBuild/_builds/CMakeFiles/3.24.2/CompilerIdC/CompilerIdC.xctest/CompilerIdC

WriteAuxiliaryFile /Users/akor/Work/E8/git_repos/libdmtx/AppleBuild/_builds/CMakeFiles/3.24.2/CompilerIdC/CompilerIdC.build/Debug-iphoneos/CompilerIdC.build/Script-2C8FEB8E15DC1A1A00E56A5D.sh (in target 'CompilerIdC' from project 'CompilerIdC')
    cd /Users/akor/Work/E8/git_repos/libdmtx/AppleBuild/_builds/CMakeFiles/3.24.2/CompilerIdC
    write-file /Users/akor/Work/E8/git_repos/libdmtx/AppleBuild/_builds/CMakeFiles/3.24.2/CompilerIdC/CompilerIdC.build/Debug-iphoneos/CompilerIdC.build/Script-2C8FEB8E15DC1A1A00E56A5D.sh

GenerateDSYMFile /Users/akor/Work/E8/git_repos/libdmtx/AppleBuild/_builds/CMakeFiles/3.24.2/CompilerIdC/CompilerIdC.xctest.dSYM /Users/akor/Work/E8/git_repos/libdmtx/AppleBuild/_builds/CMakeFiles/3.24.2/CompilerIdC/CompilerIdC.xctest/CompilerIdC (in target 'CompilerIdC' from project 'CompilerIdC')
    cd /Users/akor/Work/E8/git_repos/libdmtx/AppleBuild/_builds/CMakeFiles/3.24.2/CompilerIdC
    /Applications/Xcode.app/Contents/Developer/Toolchains/XcodeDefault.xctoolchain/usr/bin/dsymutil /Users/akor/Work/E8/git_repos/libdmtx/AppleBuild/_builds/CMakeFiles/3.24.2/CompilerIdC/CompilerIdC.xctest/CompilerIdC -o /Users/akor/Work/E8/git_repos/libdmtx/AppleBuild/_builds/CMakeFiles/3.24.2/CompilerIdC/CompilerIdC.xctest.dSYM

PhaseScriptExecution Run\ Script /Users/akor/Work/E8/git_repos/libdmtx/AppleBuild/_builds/CMakeFiles/3.24.2/CompilerIdC/CompilerIdC.build/Debug-iphoneos/CompilerIdC.build/Script-2C8FEB8E15DC1A1A00E56A5D.sh (in target 'CompilerIdC' from project 'CompilerIdC')
    cd /Users/akor/Work/E8/git_repos/libdmtx/AppleBuild/_builds/CMakeFiles/3.24.2/CompilerIdC
    /bin/sh -c /Users/akor/Work/E8/git_repos/libdmtx/AppleBuild/_builds/CMakeFiles/3.24.2/CompilerIdC/CompilerIdC.build/Debug-iphoneos/CompilerIdC.build/Script-2C8FEB8E15DC1A1A00E56A5D.sh
GCC_VERSION=com.apple.compilers.llvm.clang.1_0
ARCHS=arm64

RegisterExecutionPolicyException /Users/akor/Work/E8/git_repos/libdmtx/AppleBuild/_builds/CMakeFiles/3.24.2/CompilerIdC/CompilerIdC.xctest (in target 'CompilerIdC' from project 'CompilerIdC')
    cd /Users/akor/Work/E8/git_repos/libdmtx/AppleBuild/_builds/CMakeFiles/3.24.2/CompilerIdC
    builtin-RegisterExecutionPolicyException /Users/akor/Work/E8/git_repos/libdmtx/AppleBuild/_builds/CMakeFiles/3.24.2/CompilerIdC/CompilerIdC.xctest

Touch /Users/akor/Work/E8/git_repos/libdmtx/AppleBuild/_builds/CMakeFiles/3.24.2/CompilerIdC/CompilerIdC.xctest (in target 'CompilerIdC' from project 'CompilerIdC')
    cd /Users/akor/Work/E8/git_repos/libdmtx/AppleBuild/_builds/CMakeFiles/3.24.2/CompilerIdC
    /usr/bin/touch -c /Users/akor/Work/E8/git_repos/libdmtx/AppleBuild/_builds/CMakeFiles/3.24.2/CompilerIdC/CompilerIdC.xctest

warning: Traditional headermap style is no longer supported; please migrate to using separate headermaps and set 'ALWAYS_SEARCH_USER_PATHS' to NO. (in target 'CompilerIdC' from project 'CompilerIdC')
note: Run script build phase 'Run Script' will be run during every build because the option to run the script phase "Based on dependency analysis" is unchecked. (in target 'CompilerIdC' from project 'CompilerIdC')
** BUILD SUCCEEDED **



Compilation of the C compiler identification source "CMakeCCompilerId.c" produced "CompilerIdC.xctest/CompilerIdC"

Compilation of the C compiler identification source "CMakeCCompilerId.c" produced "CompilerIdC.xctest/Info.plist"

The C compiler identification is AppleClang, found in "/Users/akor/Work/E8/git_repos/libdmtx/AppleBuild/_builds/CMakeFiles/3.24.2/CompilerIdC/CompilerIdC.xctest/CompilerIdC"

Detecting C compiler ABI info compiled with the following output:
Change Dir: /Users/akor/Work/E8/git_repos/libdmtx/AppleBuild/_builds/CMakeFiles/CMakeTmp

Run Build Command(s):/usr/bin/xcodebuild -project CMAKE_TRY_COMPILE.xcodeproj build -target cmTC_80837 -parallelizeTargets -configuration Debug -hideShellScriptEnvironment && 2023-09-14 22:03:33.257 xcodebuild[39762:6349850] DVTCoreDeviceEnabledState: DVTCoreDeviceEnabledState_Disabled set via user default (DVTEnableCoreDevice=disabled)
Command line invocation:
    /Applications/Xcode.app/Contents/Developer/usr/bin/xcodebuild -project CMAKE_TRY_COMPILE.xcodeproj build -target cmTC_80837 -parallelizeTargets -configuration Debug -hideShellScriptEnvironment

User defaults from command line:
    HideShellScriptEnvironment = YES
    IDEPackageSupportUseBuiltinSCM = YES

Computing target dependency graph and provisioning inputs

Create build description
Build description signature: 7801463599aaeccd2a98750feee80420
Build description path: /Users/akor/Work/E8/git_repos/libdmtx/AppleBuild/_builds/CMakeFiles/CMakeTmp/build/XCBuildData/7801463599aaeccd2a98750feee80420.xcbuilddata

note: Building targets in dependency order
CreateBuildDirectory /Users/akor/Work/E8/git_repos/libdmtx/AppleBuild/_builds/CMakeFiles/CMakeTmp
    cd /Users/akor/Work/E8/git_repos/libdmtx/AppleBuild/_builds/CMakeFiles/CMakeTmp/CMAKE_TRY_COMPILE.xcodeproj
    builtin-create-build-directory /Users/akor/Work/E8/git_repos/libdmtx/AppleBuild/_builds/CMakeFiles/CMakeTmp

ClangStatCache /Applications/Xcode.app/Contents/Developer/Toolchains/XcodeDefault.xctoolchain/usr/bin/clang-stat-cache /Applications/Xcode.app/Contents/Developer/Platforms/iPhoneOS.platform/Developer/SDKs/iPhoneOS16.4.sdk /var/folders/2v/_d2b_z4x32db1v10kkvhnkq00000gn/C/com.apple.DeveloperTools/14.3-14E222b/Xcode/SDKStatCaches.noindex/iphoneos16.4-20E238-.sdkstatcache
    cd /Users/akor/Work/E8/git_repos/libdmtx/AppleBuild/_builds/CMakeFiles/CMakeTmp/CMAKE_TRY_COMPILE.xcodeproj
    /Applications/Xcode.app/Contents/Developer/Toolchains/XcodeDefault.xctoolchain/usr/bin/clang-stat-cache /Applications/Xcode.app/Contents/Developer/Platforms/iPhoneOS.platform/Developer/SDKs/iPhoneOS16.4.sdk -o /var/folders/2v/_d2b_z4x32db1v10kkvhnkq00000gn/C/com.apple.DeveloperTools/14.3-14E222b/Xcode/SDKStatCaches.noindex/iphoneos16.4-20E238-.sdkstatcache

CreateBuildDirectory /Users/akor/Work/E8/git_repos/libdmtx/AppleBuild/_builds/CMakeFiles/CMakeTmp/Debug
    cd /Users/akor/Work/E8/git_repos/libdmtx/AppleBuild/_builds/CMakeFiles/CMakeTmp/CMAKE_TRY_COMPILE.xcodeproj
    builtin-create-build-directory /Users/akor/Work/E8/git_repos/libdmtx/AppleBuild/_builds/CMakeFiles/CMakeTmp/Debug

CreateBuildDirectory /Users/akor/Work/E8/git_repos/libdmtx/AppleBuild/_builds/CMakeFiles/CMakeTmp/EagerLinkingTBDs/Debug-iphoneos
    cd /Users/akor/Work/E8/git_repos/libdmtx/AppleBuild/_builds/CMakeFiles/CMakeTmp/CMAKE_TRY_COMPILE.xcodeproj
    builtin-create-build-directory /Users/akor/Work/E8/git_repos/libdmtx/AppleBuild/_builds/CMakeFiles/CMakeTmp/EagerLinkingTBDs/Debug-iphoneos

WriteAuxiliaryFile /Users/akor/Work/E8/git_repos/libdmtx/AppleBuild/_builds/CMakeFiles/CMakeTmp/CMAKE_TRY_COMPILE.build/Debug-iphoneos/cmTC_80837.build/Objects-normal/arm64/cmTC_80837.LinkFileList (in target 'cmTC_80837' from project 'CMAKE_TRY_COMPILE')
    cd /Users/akor/Work/E8/git_repos/libdmtx/AppleBuild/_builds/CMakeFiles/CMakeTmp
    write-file /Users/akor/Work/E8/git_repos/libdmtx/AppleBuild/_builds/CMakeFiles/CMakeTmp/CMAKE_TRY_COMPILE.build/Debug-iphoneos/cmTC_80837.build/Objects-normal/arm64/cmTC_80837.LinkFileList

CompileC /Users/akor/Work/E8/git_repos/libdmtx/AppleBuild/_builds/CMakeFiles/CMakeTmp/CMAKE_TRY_COMPILE.build/Debug-iphoneos/cmTC_80837.build/Objects-normal/arm64/CMakeCCompilerABI.o /Applications/CMake.app/Contents/share/cmake-3.24/Modules/CMakeCCompilerABI.c normal arm64 c com.apple.compilers.llvm.clang.1_0.compiler (in target 'cmTC_80837' from project 'CMAKE_TRY_COMPILE')
    cd /Users/akor/Work/E8/git_repos/libdmtx/AppleBuild/_builds/CMakeFiles/CMakeTmp
    /Applications/Xcode.app/Contents/Developer/Toolchains/XcodeDefault.xctoolchain/usr/bin/clang -x c -ivfsstatcache /var/folders/2v/_d2b_z4x32db1v10kkvhnkq00000gn/C/com.apple.DeveloperTools/14.3-14E222b/Xcode/SDKStatCaches.noindex/iphoneos16.4-20E238-.sdkstatcache -target arm64-apple-ios12.0 -fmessage-length\=0 -fdiagnostics-show-note-include-stack -fmacro-backtrace-limit\=0 -Wno-trigraphs -fpascal-strings -O0 -Wno-missing-field-initializers -Wno-missing-prototypes -Wno-return-type -Wno-missing-braces -Wparentheses -Wswitch -Wno-unused-function -Wno-unused-label -Wno-unused-parameter -Wno-unused-variable -Wunused-value -Wno-empty-body -Wno-uninitialized -Wno-unknown-pragmas -Wno-shadow -Wno-four-char-constants -Wno-conversion -Wno-constant-conversion -Wno-int-conversion -Wno-bool-conversion -Wno-enum-conversion -Wno-float-conversion -Wno-non-literal-null-conversion -Wno-objc-literal-conversion -Wshorten-64-to-32 -Wpointer-sign -Wno-newline-eof -Wno-implicit-fallthrough -DCMAKE_INTDIR\=\"Debug-iphoneos\" -isysroot /Applications/Xcode.app/Contents/Developer/Platforms/iPhoneOS.platform/Developer/SDKs/iPhoneOS16.4.sdk -fstrict-aliasing -Wdeprecated-declarations -g -Wno-sign-conversion -Wno-infinite-recursion -Wno-comma -Wno-block-capture-autoreleasing -Wno-strict-prototypes -Wno-semicolon-before-method-body -I/Users/akor/Work/E8/git_repos/libdmtx/AppleBuild/_builds/CMakeFiles/CMakeTmp/Debug/include -I/Users/akor/Work/E8/git_repos/libdmtx/AppleBuild/_builds/CMakeFiles/CMakeTmp/CMAKE_TRY_COMPILE.build/Debug-iphoneos/cmTC_80837.build/DerivedSources-normal/arm64 -I/Users/akor/Work/E8/git_repos/libdmtx/AppleBuild/_builds/CMakeFiles/CMakeTmp/CMAKE_TRY_COMPILE.build/Debug-iphoneos/cmTC_80837.build/DerivedSources/arm64 -I/Users/akor/Work/E8/git_repos/libdmtx/AppleBuild/_builds/CMakeFiles/CMakeTmp/CMAKE_TRY_COMPILE.build/Debug-iphoneos/cmTC_80837.build/DerivedSources -F/Users/akor/Work/E8/git_repos/libdmtx/AppleBuild/_builds/CMakeFiles/CMakeTmp/Debug -v -Wl,-v -MMD -MT dependencies -MF /Users/akor/Work/E8/git_repos/libdmtx/AppleBuild/_builds/CMakeFiles/CMakeTmp/CMAKE_TRY_COMPILE.build/Debug-iphoneos/cmTC_80837.build/Objects-normal/arm64/CMakeCCompilerABI.d --serialize-diagnostics /Users/akor/Work/E8/git_repos/libdmtx/AppleBuild/_builds/CMakeFiles/CMakeTmp/CMAKE_TRY_COMPILE.build/Debug-iphoneos/cmTC_80837.build/Objects-normal/arm64/CMakeCCompilerABI.dia -c /Applications/CMake.app/Contents/share/cmake-3.24/Modules/CMakeCCompilerABI.c -o /Users/akor/Work/E8/git_repos/libdmtx/AppleBuild/_builds/CMakeFiles/CMakeTmp/CMAKE_TRY_COMPILE.build/Debug-iphoneos/cmTC_80837.build/Objects-normal/arm64/CMakeCCompilerABI.o
Apple clang version 14.0.3 (clang-1403.0.22.14.1)
Target: arm64-apple-ios12.0
Thread model: posix
InstalledDir: /Applications/Xcode.app/Contents/Developer/Toolchains/XcodeDefault.xctoolchain/usr/bin
clang: warning: -Wl,-v: 'linker' input unused [-Wunused-command-line-argument]
 "/Applications/Xcode.app/Contents/Developer/Toolchains/XcodeDefault.xctoolchain/usr/bin/clang" -cc1 -triple arm64-apple-ios12.0.0 -Wundef-prefix=TARGET_OS_ -Wdeprecated-objc-isa-usage -Werror=deprecated-objc-isa-usage -Werror=implicit-function-declaration -emit-obj -mrelax-all --mrelax-relocations -disable-free -clear-ast-before-backend -disable-llvm-verifier -discard-value-names -main-file-name CMakeCCompilerABI.c -mrelocation-model pic -pic-level 2 -mframe-pointer=non-leaf -fno-strict-return -ffp-contract=on -fno-rounding-math -funwind-tables=1 -fobjc-msgsend-selector-stubs -target-sdk-version=16.4 -fvisibility-inlines-hidden-static-local-var -target-cpu apple-a7 -target-feature +v8a -target-feature +crypto -target-feature +fp-armv8 -target-feature +neon -target-feature +zcm -target-feature +zcz -target-feature +sha2 -target-feature +aes -target-abi darwinpcs -fallow-half-arguments-and-returns -mllvm -treat-scalable-fixed-error-as-warning -debug-info-kind=standalone -dwarf-version=4 -debugger-tuning=lldb -target-linker-version 857.1 -v -fcoverage-compilation-dir=/Users/akor/Work/E8/git_repos/libdmtx/AppleBuild/_builds/CMakeFiles/CMakeTmp -resource-dir /Applications/Xcode.app/Contents/Developer/Toolchains/XcodeDefault.xctoolchain/usr/lib/clang/14.0.3 -dependency-file /Users/akor/Work/E8/git_repos/libdmtx/AppleBuild/_builds/CMakeFiles/CMakeTmp/CMAKE_TRY_COMPILE.build/Debug-iphoneos/cmTC_80837.build/Objects-normal/arm64/CMakeCCompilerABI.d -skip-unused-modulemap-deps -MT dependencies -ivfsstatcache /var/folders/2v/_d2b_z4x32db1v10kkvhnkq00000gn/C/com.apple.DeveloperTools/14.3-14E222b/Xcode/SDKStatCaches.noindex/iphoneos16.4-20E238-.sdkstatcache -isysroot /Applications/Xcode.app/Contents/Developer/Platforms/iPhoneOS.platform/Developer/SDKs/iPhoneOS16.4.sdk -D "CMAKE_INTDIR=\"Debug-iphoneos\"" -I /Users/akor/Work/E8/git_repos/libdmtx/AppleBuild/_builds/CMakeFiles/CMakeTmp/Debug/include -I /Users/akor/Work/E8/git_repos/libdmtx/AppleBuild/_builds/CMakeFiles/CMakeTmp/CMAKE_TRY_COMPILE.build/Debug-iphoneos/cmTC_80837.build/DerivedSources-normal/arm64 -I /Users/akor/Work/E8/git_repos/libdmtx/AppleBuild/_builds/CMakeFiles/CMakeTmp/CMAKE_TRY_COMPILE.build/Debug-iphoneos/cmTC_80837.build/DerivedSources/arm64 -I /Users/akor/Work/E8/git_repos/libdmtx/AppleBuild/_builds/CMakeFiles/CMakeTmp/CMAKE_TRY_COMPILE.build/Debug-iphoneos/cmTC_80837.build/DerivedSources -F/Users/akor/Work/E8/git_repos/libdmtx/AppleBuild/_builds/CMakeFiles/CMakeTmp/Debug -internal-isystem /Applications/Xcode.app/Contents/Developer/Platforms/iPhoneOS.platform/Developer/SDKs/iPhoneOS16.4.sdk/usr/local/include -internal-isystem /Applications/Xcode.app/Contents/Developer/Toolchains/XcodeDefault.xctoolchain/usr/lib/clang/14.0.3/include -internal-externc-isystem /Applications/Xcode.app/Contents/Developer/Platforms/iPhoneOS.platform/Developer/SDKs/iPhoneOS16.4.sdk/usr/include -internal-externc-isystem /Applications/Xcode.app/Contents/Developer/Toolchains/XcodeDefault.xctoolchain/usr/include -O0 -Wno-trigraphs -Wno-missing-field-initializers -Wno-missing-prototypes -Wno-return-type -Wno-missing-braces -Wparentheses -Wswitch -Wno-unused-function -Wno-unused-label -Wno-unused-parameter -Wno-unused-variable -Wunused-value -Wno-empty-body -Wno-uninitialized -Wno-unknown-pragmas -Wno-shadow -Wno-four-char-constants -Wno-conversion -Wno-constant-conversion -Wno-int-conversion -Wno-bool-conversion -Wno-enum-conversion -Wno-float-conversion -Wno-non-literal-null-conversion -Wno-objc-literal-conversion -Wshorten-64-to-32 -Wpointer-sign -Wno-newline-eof -Wno-implicit-fallthrough -Wdeprecated-declarations -Wno-sign-conversion -Wno-infinite-recursion -Wno-comma -Wno-block-capture-autoreleasing -Wno-strict-prototypes -Wno-semicolon-before-method-body -Wno-reorder-init-list -Wno-implicit-int-float-conversion -Wno-c99-designator -Wno-final-dtor-non-final-class -Wno-extra-semi-stmt -Wno-misleading-indentation -Wno-quoted-include-in-framework-header -Wno-implicit-fallthrough -Wno-enum-enum-conversion -Wno-enum-float-conversion -Wno-elaborated-enum-base -Wno-reserved-identifier -Wno-gnu-folding-constant -fdebug-compilation-dir=/Users/akor/Work/E8/git_repos/libdmtx/AppleBuild/_builds/CMakeFiles/CMakeTmp -ferror-limit 19 -fmacro-backtrace-limit 0 -stack-protector 1 -mdarwin-stkchk-strong-link -fblocks -fencode-extended-block-signature -fregister-global-dtors-with-atexit -fgnuc-version=4.2.1 -no-opaque-pointers -fpascal-strings -fmax-type-align=16 -fcommon -fdiagnostics-show-note-include-stack -serialize-diagnostic-file /Users/akor/Work/E8/git_repos/libdmtx/AppleBuild/_builds/CMakeFiles/CMakeTmp/CMAKE_TRY_COMPILE.build/Debug-iphoneos/cmTC_80837.build/Objects-normal/arm64/CMakeCCompilerABI.dia -clang-vendor-feature=+disableNonDependentMemberExprInCurrentInstantiation -fno-odr-hash-protocols -clang-vendor-feature=+enableAggressiveVLAFolding -clang-vendor-feature=+revert09abecef7bbf -clang-vendor-feature=+thisNoAlignAttr -clang-vendor-feature=+thisNoNullAttr -mllvm -disable-aligned-alloc-awareness=1 -D__GCC_HAVE_DWARF2_CFI_ASM=1 -o /Users/akor/Work/E8/git_repos/libdmtx/AppleBuild/_builds/CMakeFiles/CMakeTmp/CMAKE_TRY_COMPILE.build/Debug-iphoneos/cmTC_80837.build/Objects-normal/arm64/CMakeCCompilerABI.o -x c /Applications/CMake.app/Contents/share/cmake-3.24/Modules/CMakeCCompilerABI.c
clang -cc1 version 14.0.3 (clang-1403.0.22.14.1) default target arm64-apple-darwin22.3.0
ignoring nonexistent directory "/Users/akor/Work/E8/git_repos/libdmtx/AppleBuild/_builds/CMakeFiles/CMakeTmp/Debug/include"
ignoring nonexistent directory "/Users/akor/Work/E8/git_repos/libdmtx/AppleBuild/_builds/CMakeFiles/CMakeTmp/CMAKE_TRY_COMPILE.build/Debug-iphoneos/cmTC_80837.build/DerivedSources-normal/arm64"
ignoring nonexistent directory "/Users/akor/Work/E8/git_repos/libdmtx/AppleBuild/_builds/CMakeFiles/CMakeTmp/CMAKE_TRY_COMPILE.build/Debug-iphoneos/cmTC_80837.build/DerivedSources/arm64"
ignoring nonexistent directory "/Users/akor/Work/E8/git_repos/libdmtx/AppleBuild/_builds/CMakeFiles/CMakeTmp/CMAKE_TRY_COMPILE.build/Debug-iphoneos/cmTC_80837.build/DerivedSources"
ignoring nonexistent directory "/Applications/Xcode.app/Contents/Developer/Platforms/iPhoneOS.platform/Developer/SDKs/iPhoneOS16.4.sdk/usr/local/include"
ignoring nonexistent directory "/Applications/Xcode.app/Contents/Developer/Platforms/iPhoneOS.platform/Developer/SDKs/iPhoneOS16.4.sdk/Library/Frameworks"
#include "..." search starts here:
#include <...> search starts here:
 /Users/akor/Work/E8/git_repos/libdmtx/AppleBuild/_builds/CMakeFiles/CMakeTmp/Debug (framework directory)
 /Applications/Xcode.app/Contents/Developer/Toolchains/XcodeDefault.xctoolchain/usr/lib/clang/14.0.3/include
 /Applications/Xcode.app/Contents/Developer/Platforms/iPhoneOS.platform/Developer/SDKs/iPhoneOS16.4.sdk/usr/include
 /Applications/Xcode.app/Contents/Developer/Toolchains/XcodeDefault.xctoolchain/usr/include
 /Applications/Xcode.app/Contents/Developer/Platforms/iPhoneOS.platform/Developer/SDKs/iPhoneOS16.4.sdk/System/Library/Frameworks (framework directory)
End of search list.

Libtool /Users/akor/Work/E8/git_repos/libdmtx/AppleBuild/_builds/CMakeFiles/CMakeTmp/Debug/libcmTC_80837.a normal (in target 'cmTC_80837' from project 'CMAKE_TRY_COMPILE')
    cd /Users/akor/Work/E8/git_repos/libdmtx/AppleBuild/_builds/CMakeFiles/CMakeTmp
    /Applications/Xcode.app/Contents/Developer/Toolchains/XcodeDefault.xctoolchain/usr/bin/libtool -static -arch_only arm64 -D -syslibroot /Applications/Xcode.app/Contents/Developer/Platforms/iPhoneOS.platform/Developer/SDKs/iPhoneOS16.4.sdk -L/Users/akor/Work/E8/git_repos/libdmtx/AppleBuild/_builds/CMakeFiles/CMakeTmp/Debug -filelist /Users/akor/Work/E8/git_repos/libdmtx/AppleBuild/_builds/CMakeFiles/CMakeTmp/CMAKE_TRY_COMPILE.build/Debug-iphoneos/cmTC_80837.build/Objects-normal/arm64/cmTC_80837.LinkFileList -dependency_info /Users/akor/Work/E8/git_repos/libdmtx/AppleBuild/_builds/CMakeFiles/CMakeTmp/CMAKE_TRY_COMPILE.build/Debug-iphoneos/cmTC_80837.build/Objects-normal/arm64/cmTC_80837_libtool_dependency_info.dat -o /Users/akor/Work/E8/git_repos/libdmtx/AppleBuild/_builds/CMakeFiles/CMakeTmp/Debug/libcmTC_80837.a

** BUILD SUCCEEDED **




Parsed C implicit include dir info from above output: rv=done
  found start of include info
  found start of implicit include info
    add: [/Applications/Xcode.app/Contents/Developer/Toolchains/XcodeDefault.xctoolchain/usr/lib/clang/14.0.3/include]
    add: [/Applications/Xcode.app/Contents/Developer/Platforms/iPhoneOS.platform/Developer/SDKs/iPhoneOS16.4.sdk/usr/include]
    add: [/Applications/Xcode.app/Contents/Developer/Toolchains/XcodeDefault.xctoolchain/usr/include]
  end of search list found
  collapse include dir [/Applications/Xcode.app/Contents/Developer/Toolchains/XcodeDefault.xctoolchain/usr/lib/clang/14.0.3/include] ==> [/Applications/Xcode.app/Contents/Developer/Toolchains/XcodeDefault.xctoolchain/usr/lib/clang/14.0.3/include]
  collapse include dir [/Applications/Xcode.app/Contents/Developer/Platforms/iPhoneOS.platform/Developer/SDKs/iPhoneOS16.4.sdk/usr/include] ==> [/Applications/Xcode.app/Contents/Developer/Platforms/iPhoneOS.platform/Developer/SDKs/iPhoneOS16.4.sdk/usr/include]
  collapse include dir [/Applications/Xcode.app/Contents/Developer/Toolchains/XcodeDefault.xctoolchain/usr/include] ==> [/Applications/Xcode.app/Contents/Developer/Toolchains/XcodeDefault.xctoolchain/usr/include]
  implicit include dirs: [/Applications/Xcode.app/Contents/Developer/Toolchains/XcodeDefault.xctoolchain/usr/lib/clang/14.0.3/include;/Applications/Xcode.app/Contents/Developer/Platforms/iPhoneOS.platform/Developer/SDKs/iPhoneOS16.4.sdk/usr/include;/Applications/Xcode.app/Contents/Developer/Toolchains/XcodeDefault.xctoolchain/usr/include]


Parsed C implicit link information from above output:
  link line regex: [^( *|.*[/\])(ld|CMAKE_LINK_STARTFILE-NOTFOUND|([^/\]+-)?ld|collect2)[^/\]*( |$)]
  ignore line: [Change Dir: /Users/akor/Work/E8/git_repos/libdmtx/AppleBuild/_builds/CMakeFiles/CMakeTmp]
  ignore line: []
  ignore line: [Run Build Command(s):/usr/bin/xcodebuild -project CMAKE_TRY_COMPILE.xcodeproj build -target cmTC_80837 -parallelizeTargets -configuration Debug -hideShellScriptEnvironment && 2023-09-14 22:03:33.257 xcodebuild[39762:6349850] DVTCoreDeviceEnabledState: DVTCoreDeviceEnabledState_Disabled set via user default (DVTEnableCoreDevice=disabled)]
  ignore line: [Command line invocation:]
  ignore line: [    /Applications/Xcode.app/Contents/Developer/usr/bin/xcodebuild -project CMAKE_TRY_COMPILE.xcodeproj build -target cmTC_80837 -parallelizeTargets -configuration Debug -hideShellScriptEnvironment]
  ignore line: []
  ignore line: [User defaults from command line:]
  ignore line: [    HideShellScriptEnvironment = YES]
  ignore line: [    IDEPackageSupportUseBuiltinSCM = YES]
  ignore line: []
  ignore line: [Computing target dependency graph and provisioning inputs]
  ignore line: []
  ignore line: [Create build description]
  ignore line: [Build description signature: 7801463599aaeccd2a98750feee80420]
  ignore line: [Build description path: /Users/akor/Work/E8/git_repos/libdmtx/AppleBuild/_builds/CMakeFiles/CMakeTmp/build/XCBuildData/7801463599aaeccd2a98750feee80420.xcbuilddata]
  ignore line: []
  ignore line: [note: Building targets in dependency order]
  ignore line: [CreateBuildDirectory /Users/akor/Work/E8/git_repos/libdmtx/AppleBuild/_builds/CMakeFiles/CMakeTmp]
  ignore line: [    cd /Users/akor/Work/E8/git_repos/libdmtx/AppleBuild/_builds/CMakeFiles/CMakeTmp/CMAKE_TRY_COMPILE.xcodeproj]
  ignore line: [    builtin-create-build-directory /Users/akor/Work/E8/git_repos/libdmtx/AppleBuild/_builds/CMakeFiles/CMakeTmp]
  ignore line: []
  ignore line: [ClangStatCache /Applications/Xcode.app/Contents/Developer/Toolchains/XcodeDefault.xctoolchain/usr/bin/clang-stat-cache /Applications/Xcode.app/Contents/Developer/Platforms/iPhoneOS.platform/Developer/SDKs/iPhoneOS16.4.sdk /var/folders/2v/_d2b_z4x32db1v10kkvhnkq00000gn/C/com.apple.DeveloperTools/14.3-14E222b/Xcode/SDKStatCaches.noindex/iphoneos16.4-20E238-.sdkstatcache]
  ignore line: [    cd /Users/akor/Work/E8/git_repos/libdmtx/AppleBuild/_builds/CMakeFiles/CMakeTmp/CMAKE_TRY_COMPILE.xcodeproj]
  ignore line: [    /Applications/Xcode.app/Contents/Developer/Toolchains/XcodeDefault.xctoolchain/usr/bin/clang-stat-cache /Applications/Xcode.app/Contents/Developer/Platforms/iPhoneOS.platform/Developer/SDKs/iPhoneOS16.4.sdk -o /var/folders/2v/_d2b_z4x32db1v10kkvhnkq00000gn/C/com.apple.DeveloperTools/14.3-14E222b/Xcode/SDKStatCaches.noindex/iphoneos16.4-20E238-.sdkstatcache]
  ignore line: []
  ignore line: [CreateBuildDirectory /Users/akor/Work/E8/git_repos/libdmtx/AppleBuild/_builds/CMakeFiles/CMakeTmp/Debug]
  ignore line: [    cd /Users/akor/Work/E8/git_repos/libdmtx/AppleBuild/_builds/CMakeFiles/CMakeTmp/CMAKE_TRY_COMPILE.xcodeproj]
  ignore line: [    builtin-create-build-directory /Users/akor/Work/E8/git_repos/libdmtx/AppleBuild/_builds/CMakeFiles/CMakeTmp/Debug]
  ignore line: []
  ignore line: [CreateBuildDirectory /Users/akor/Work/E8/git_repos/libdmtx/AppleBuild/_builds/CMakeFiles/CMakeTmp/EagerLinkingTBDs/Debug-iphoneos]
  ignore line: [    cd /Users/akor/Work/E8/git_repos/libdmtx/AppleBuild/_builds/CMakeFiles/CMakeTmp/CMAKE_TRY_COMPILE.xcodeproj]
  ignore line: [    builtin-create-build-directory /Users/akor/Work/E8/git_repos/libdmtx/AppleBuild/_builds/CMakeFiles/CMakeTmp/EagerLinkingTBDs/Debug-iphoneos]
  ignore line: []
  ignore line: [WriteAuxiliaryFile /Users/akor/Work/E8/git_repos/libdmtx/AppleBuild/_builds/CMakeFiles/CMakeTmp/CMAKE_TRY_COMPILE.build/Debug-iphoneos/cmTC_80837.build/Objects-normal/arm64/cmTC_80837.LinkFileList (in target 'cmTC_80837' from project 'CMAKE_TRY_COMPILE')]
  ignore line: [    cd /Users/akor/Work/E8/git_repos/libdmtx/AppleBuild/_builds/CMakeFiles/CMakeTmp]
  ignore line: [    write-file /Users/akor/Work/E8/git_repos/libdmtx/AppleBuild/_builds/CMakeFiles/CMakeTmp/CMAKE_TRY_COMPILE.build/Debug-iphoneos/cmTC_80837.build/Objects-normal/arm64/cmTC_80837.LinkFileList]
  ignore line: []
  ignore line: [CompileC /Users/akor/Work/E8/git_repos/libdmtx/AppleBuild/_builds/CMakeFiles/CMakeTmp/CMAKE_TRY_COMPILE.build/Debug-iphoneos/cmTC_80837.build/Objects-normal/arm64/CMakeCCompilerABI.o /Applications/CMake.app/Contents/share/cmake-3.24/Modules/CMakeCCompilerABI.c normal arm64 c com.apple.compilers.llvm.clang.1_0.compiler (in target 'cmTC_80837' from project 'CMAKE_TRY_COMPILE')]
  ignore line: [    cd /Users/akor/Work/E8/git_repos/libdmtx/AppleBuild/_builds/CMakeFiles/CMakeTmp]
  ignore line: [    /Applications/Xcode.app/Contents/Developer/Toolchains/XcodeDefault.xctoolchain/usr/bin/clang -x c -ivfsstatcache /var/folders/2v/_d2b_z4x32db1v10kkvhnkq00000gn/C/com.apple.DeveloperTools/14.3-14E222b/Xcode/SDKStatCaches.noindex/iphoneos16.4-20E238-.sdkstatcache -target arm64-apple-ios12.0 -fmessage-length\=0 -fdiagnostics-show-note-include-stack -fmacro-backtrace-limit\=0 -Wno-trigraphs -fpascal-strings -O0 -Wno-missing-field-initializers -Wno-missing-prototypes -Wno-return-type -Wno-missing-braces -Wparentheses -Wswitch -Wno-unused-function -Wno-unused-label -Wno-unused-parameter -Wno-unused-variable -Wunused-value -Wno-empty-body -Wno-uninitialized -Wno-unknown-pragmas -Wno-shadow -Wno-four-char-constants -Wno-conversion -Wno-constant-conversion -Wno-int-conversion -Wno-bool-conversion -Wno-enum-conversion -Wno-float-conversion -Wno-non-literal-null-conversion -Wno-objc-literal-conversion -Wshorten-64-to-32 -Wpointer-sign -Wno-newline-eof -Wno-implicit-fallthrough -DCMAKE_INTDIR\=\"Debug-iphoneos\" -isysroot /Applications/Xcode.app/Contents/Developer/Platforms/iPhoneOS.platform/Developer/SDKs/iPhoneOS16.4.sdk -fstrict-aliasing -Wdeprecated-declarations -g -Wno-sign-conversion -Wno-infinite-recursion -Wno-comma -Wno-block-capture-autoreleasing -Wno-strict-prototypes -Wno-semicolon-before-method-body -I/Users/akor/Work/E8/git_repos/libdmtx/AppleBuild/_builds/CMakeFiles/CMakeTmp/Debug/include -I/Users/akor/Work/E8/git_repos/libdmtx/AppleBuild/_builds/CMakeFiles/CMakeTmp/CMAKE_TRY_COMPILE.build/Debug-iphoneos/cmTC_80837.build/DerivedSources-normal/arm64 -I/Users/akor/Work/E8/git_repos/libdmtx/AppleBuild/_builds/CMakeFiles/CMakeTmp/CMAKE_TRY_COMPILE.build/Debug-iphoneos/cmTC_80837.build/DerivedSources/arm64 -I/Users/akor/Work/E8/git_repos/libdmtx/AppleBuild/_builds/CMakeFiles/CMakeTmp/CMAKE_TRY_COMPILE.build/Debug-iphoneos/cmTC_80837.build/DerivedSources -F/Users/akor/Work/E8/git_repos/libdmtx/AppleBuild/_builds/CMakeFiles/CMakeTmp/Debug -v -Wl -v -MMD -MT dependencies -MF /Users/akor/Work/E8/git_repos/libdmtx/AppleBuild/_builds/CMakeFiles/CMakeTmp/CMAKE_TRY_COMPILE.build/Debug-iphoneos/cmTC_80837.build/Objects-normal/arm64/CMakeCCompilerABI.d --serialize-diagnostics /Users/akor/Work/E8/git_repos/libdmtx/AppleBuild/_builds/CMakeFiles/CMakeTmp/CMAKE_TRY_COMPILE.build/Debug-iphoneos/cmTC_80837.build/Objects-normal/arm64/CMakeCCompilerABI.dia -c /Applications/CMake.app/Contents/share/cmake-3.24/Modules/CMakeCCompilerABI.c -o /Users/akor/Work/E8/git_repos/libdmtx/AppleBuild/_builds/CMakeFiles/CMakeTmp/CMAKE_TRY_COMPILE.build/Debug-iphoneos/cmTC_80837.build/Objects-normal/arm64/CMakeCCompilerABI.o]
  ignore line: [Apple clang version 14.0.3 (clang-1403.0.22.14.1)]
  ignore line: [Target: arm64-apple-ios12.0]
  ignore line: [Thread model: posix]
  ignore line: [InstalledDir: /Applications/Xcode.app/Contents/Developer/Toolchains/XcodeDefault.xctoolchain/usr/bin]
  ignore line: [clang: warning: -Wl -v: 'linker' input unused [-Wunused-command-line-argument]]
  ignore line: [ "/Applications/Xcode.app/Contents/Developer/Toolchains/XcodeDefault.xctoolchain/usr/bin/clang" -cc1 -triple arm64-apple-ios12.0.0 -Wundef-prefix=TARGET_OS_ -Wdeprecated-objc-isa-usage -Werror=deprecated-objc-isa-usage -Werror=implicit-function-declaration -emit-obj -mrelax-all --mrelax-relocations -disable-free -clear-ast-before-backend -disable-llvm-verifier -discard-value-names -main-file-name CMakeCCompilerABI.c -mrelocation-model pic -pic-level 2 -mframe-pointer=non-leaf -fno-strict-return -ffp-contract=on -fno-rounding-math -funwind-tables=1 -fobjc-msgsend-selector-stubs -target-sdk-version=16.4 -fvisibility-inlines-hidden-static-local-var -target-cpu apple-a7 -target-feature +v8a -target-feature +crypto -target-feature +fp-armv8 -target-feature +neon -target-feature +zcm -target-feature +zcz -target-feature +sha2 -target-feature +aes -target-abi darwinpcs -fallow-half-arguments-and-returns -mllvm -treat-scalable-fixed-error-as-warning -debug-info-kind=standalone -dwarf-version=4 -debugger-tuning=lldb -target-linker-version 857.1 -v -fcoverage-compilation-dir=/Users/akor/Work/E8/git_repos/libdmtx/AppleBuild/_builds/CMakeFiles/CMakeTmp -resource-dir /Applications/Xcode.app/Contents/Developer/Toolchains/XcodeDefault.xctoolchain/usr/lib/clang/14.0.3 -dependency-file /Users/akor/Work/E8/git_repos/libdmtx/AppleBuild/_builds/CMakeFiles/CMakeTmp/CMAKE_TRY_COMPILE.build/Debug-iphoneos/cmTC_80837.build/Objects-normal/arm64/CMakeCCompilerABI.d -skip-unused-modulemap-deps -MT dependencies -ivfsstatcache /var/folders/2v/_d2b_z4x32db1v10kkvhnkq00000gn/C/com.apple.DeveloperTools/14.3-14E222b/Xcode/SDKStatCaches.noindex/iphoneos16.4-20E238-.sdkstatcache -isysroot /Applications/Xcode.app/Contents/Developer/Platforms/iPhoneOS.platform/Developer/SDKs/iPhoneOS16.4.sdk -D "CMAKE_INTDIR=\"Debug-iphoneos\"" -I /Users/akor/Work/E8/git_repos/libdmtx/AppleBuild/_builds/CMakeFiles/CMakeTmp/Debug/include -I /Users/akor/Work/E8/git_repos/libdmtx/AppleBuild/_builds/CMakeFiles/CMakeTmp/CMAKE_TRY_COMPILE.build/Debug-iphoneos/cmTC_80837.build/DerivedSources-normal/arm64 -I /Users/akor/Work/E8/git_repos/libdmtx/AppleBuild/_builds/CMakeFiles/CMakeTmp/CMAKE_TRY_COMPILE.build/Debug-iphoneos/cmTC_80837.build/DerivedSources/arm64 -I /Users/akor/Work/E8/git_repos/libdmtx/AppleBuild/_builds/CMakeFiles/CMakeTmp/CMAKE_TRY_COMPILE.build/Debug-iphoneos/cmTC_80837.build/DerivedSources -F/Users/akor/Work/E8/git_repos/libdmtx/AppleBuild/_builds/CMakeFiles/CMakeTmp/Debug -internal-isystem /Applications/Xcode.app/Contents/Developer/Platforms/iPhoneOS.platform/Developer/SDKs/iPhoneOS16.4.sdk/usr/local/include -internal-isystem /Applications/Xcode.app/Contents/Developer/Toolchains/XcodeDefault.xctoolchain/usr/lib/clang/14.0.3/include -internal-externc-isystem /Applications/Xcode.app/Contents/Developer/Platforms/iPhoneOS.platform/Developer/SDKs/iPhoneOS16.4.sdk/usr/include -internal-externc-isystem /Applications/Xcode.app/Contents/Developer/Toolchains/XcodeDefault.xctoolchain/usr/include -O0 -Wno-trigraphs -Wno-missing-field-initializers -Wno-missing-prototypes -Wno-return-type -Wno-missing-braces -Wparentheses -Wswitch -Wno-unused-function -Wno-unused-label -Wno-unused-parameter -Wno-unused-variable -Wunused-value -Wno-empty-body -Wno-uninitialized -Wno-unknown-pragmas -Wno-shadow -Wno-four-char-constants -Wno-conversion -Wno-constant-conversion -Wno-int-conversion -Wno-bool-conversion -Wno-enum-conversion -Wno-float-conversion -Wno-non-literal-null-conversion -Wno-objc-literal-conversion -Wshorten-64-to-32 -Wpointer-sign -Wno-newline-eof -Wno-implicit-fallthrough -Wdeprecated-declarations -Wno-sign-conversion -Wno-infinite-recursion -Wno-comma -Wno-block-capture-autoreleasing -Wno-strict-prototypes -Wno-semicolon-before-method-body -Wno-reorder-init-list -Wno-implicit-int-float-conversion -Wno-c99-designator -Wno-final-dtor-non-final-class -Wno-extra-semi-stmt -Wno-misleading-indentation -Wno-quoted-include-in-framework-header -Wno-implicit-fallthrough -Wno-enum-enum-conversion -Wno-enum-float-conversion -Wno-elaborated-enum-base -Wno-reserved-identifier -Wno-gnu-folding-constant -fdebug-compilation-dir=/Users/akor/Work/E8/git_repos/libdmtx/AppleBuild/_builds/CMakeFiles/CMakeTmp -ferror-limit 19 -fmacro-backtrace-limit 0 -stack-protector 1 -mdarwin-stkchk-strong-link -fblocks -fencode-extended-block-signature -fregister-global-dtors-with-atexit -fgnuc-version=4.2.1 -no-opaque-pointers -fpascal-strings -fmax-type-align=16 -fcommon -fdiagnostics-show-note-include-stack -serialize-diagnostic-file /Users/akor/Work/E8/git_repos/libdmtx/AppleBuild/_builds/CMakeFiles/CMakeTmp/CMAKE_TRY_COMPILE.build/Debug-iphoneos/cmTC_80837.build/Objects-normal/arm64/CMakeCCompilerABI.dia -clang-vendor-feature=+disableNonDependentMemberExprInCurrentInstantiation -fno-odr-hash-protocols -clang-vendor-feature=+enableAggressiveVLAFolding -clang-vendor-feature=+revert09abecef7bbf -clang-vendor-feature=+thisNoAlignAttr -clang-vendor-feature=+thisNoNullAttr -mllvm -disable-aligned-alloc-awareness=1 -D__GCC_HAVE_DWARF2_CFI_ASM=1 -o /Users/akor/Work/E8/git_repos/libdmtx/AppleBuild/_builds/CMakeFiles/CMakeTmp/CMAKE_TRY_COMPILE.build/Debug-iphoneos/cmTC_80837.build/Objects-normal/arm64/CMakeCCompilerABI.o -x c /Applications/CMake.app/Contents/share/cmake-3.24/Modules/CMakeCCompilerABI.c]
  ignore line: [clang -cc1 version 14.0.3 (clang-1403.0.22.14.1) default target arm64-apple-darwin22.3.0]
  ignore line: [ignoring nonexistent directory "/Users/akor/Work/E8/git_repos/libdmtx/AppleBuild/_builds/CMakeFiles/CMakeTmp/Debug/include"]
  ignore line: [ignoring nonexistent directory "/Users/akor/Work/E8/git_repos/libdmtx/AppleBuild/_builds/CMakeFiles/CMakeTmp/CMAKE_TRY_COMPILE.build/Debug-iphoneos/cmTC_80837.build/DerivedSources-normal/arm64"]
  ignore line: [ignoring nonexistent directory "/Users/akor/Work/E8/git_repos/libdmtx/AppleBuild/_builds/CMakeFiles/CMakeTmp/CMAKE_TRY_COMPILE.build/Debug-iphoneos/cmTC_80837.build/DerivedSources/arm64"]
  ignore line: [ignoring nonexistent directory "/Users/akor/Work/E8/git_repos/libdmtx/AppleBuild/_builds/CMakeFiles/CMakeTmp/CMAKE_TRY_COMPILE.build/Debug-iphoneos/cmTC_80837.build/DerivedSources"]
  ignore line: [ignoring nonexistent directory "/Applications/Xcode.app/Contents/Developer/Platforms/iPhoneOS.platform/Developer/SDKs/iPhoneOS16.4.sdk/usr/local/include"]
  ignore line: [ignoring nonexistent directory "/Applications/Xcode.app/Contents/Developer/Platforms/iPhoneOS.platform/Developer/SDKs/iPhoneOS16.4.sdk/Library/Frameworks"]
  ignore line: [#include "..." search starts here:]
  ignore line: [#include <...> search starts here:]
  ignore line: [ /Users/akor/Work/E8/git_repos/libdmtx/AppleBuild/_builds/CMakeFiles/CMakeTmp/Debug (framework directory)]
  ignore line: [ /Applications/Xcode.app/Contents/Developer/Toolchains/XcodeDefault.xctoolchain/usr/lib/clang/14.0.3/include]
  ignore line: [ /Applications/Xcode.app/Contents/Developer/Platforms/iPhoneOS.platform/Developer/SDKs/iPhoneOS16.4.sdk/usr/include]
  ignore line: [ /Applications/Xcode.app/Contents/Developer/Toolchains/XcodeDefault.xctoolchain/usr/include]
  ignore line: [ /Applications/Xcode.app/Contents/Developer/Platforms/iPhoneOS.platform/Developer/SDKs/iPhoneOS16.4.sdk/System/Library/Frameworks (framework directory)]
  ignore line: [End of search list.]
  ignore line: []
  ignore line: [Libtool /Users/akor/Work/E8/git_repos/libdmtx/AppleBuild/_builds/CMakeFiles/CMakeTmp/Debug/libcmTC_80837.a normal (in target 'cmTC_80837' from project 'CMAKE_TRY_COMPILE')]
  ignore line: [    cd /Users/akor/Work/E8/git_repos/libdmtx/AppleBuild/_builds/CMakeFiles/CMakeTmp]
  ignore line: [    /Applications/Xcode.app/Contents/Developer/Toolchains/XcodeDefault.xctoolchain/usr/bin/libtool -static -arch_only arm64 -D -syslibroot /Applications/Xcode.app/Contents/Developer/Platforms/iPhoneOS.platform/Developer/SDKs/iPhoneOS16.4.sdk -L/Users/akor/Work/E8/git_repos/libdmtx/AppleBuild/_builds/CMakeFiles/CMakeTmp/Debug -filelist /Users/akor/Work/E8/git_repos/libdmtx/AppleBuild/_builds/CMakeFiles/CMakeTmp/CMAKE_TRY_COMPILE.build/Debug-iphoneos/cmTC_80837.build/Objects-normal/arm64/cmTC_80837.LinkFileList -dependency_info /Users/akor/Work/E8/git_repos/libdmtx/AppleBuild/_builds/CMakeFiles/CMakeTmp/CMAKE_TRY_COMPILE.build/Debug-iphoneos/cmTC_80837.build/Objects-normal/arm64/cmTC_80837_libtool_dependency_info.dat -o /Users/akor/Work/E8/git_repos/libdmtx/AppleBuild/_builds/CMakeFiles/CMakeTmp/Debug/libcmTC_80837.a]
  ignore line: []
  ignore line: [** BUILD SUCCEEDED **]
  ignore line: []
  ignore line: []
  ignore line: []
  implicit libs: []
  implicit objs: []
  implicit dirs: []
  implicit fwks: []


